<?xml version="1.0" encoding="UTF-8"?>
<testsuite name="rofla.back.back.BackApplicationTests" tests="1" skipped="0" failures="0" errors="0" timestamp="2024-07-21T20:41:30" hostname="192.168.nate.com" time="0.568">
  <properties/>
  <testcase name="contextLoads()" classname="rofla.back.back.BackApplicationTests" time="0.568"/>
  <system-out><![CDATA[05:41:25.109 [Test worker] INFO org.springframework.test.context.support.AnnotationConfigContextLoaderUtils -- Could not detect default configuration classes for test class [rofla.back.back.BackApplicationTests]: BackApplicationTests does not declare any static, non-private, non-final, nested classes annotated with @Configuration.
05:41:25.215 [Test worker] INFO org.springframework.boot.test.context.SpringBootTestContextBootstrapper -- Found @SpringBootConfiguration rofla.back.back.BackApplication for test class rofla.back.back.BackApplicationTests

  .   ____          _            __ _ _
 /\\ / ___'_ __ _ _(_)_ __  __ _ \ \ \ \
( ( )\___ | '_ | '_| | '_ \/ _` | \ \ \ \
 \\/  ___)| |_)| | | | | || (_| |  ) ) ) )
  '  |____| .__|_| |_|_| |_\__, | / / / /
 =========|_|==============|___/=/_/_/_/

 :: Spring Boot ::                (v3.3.2)

2024-07-22T05:41:25.569+09:00  INFO 9935 --- [Rofla_BACK] [    Test worker] rofla.back.back.BackApplicationTests     : Starting BackApplicationTests using Java 22.0.1 with PID 9935 (started by kimseonpyo in /Users/kimseonpyo/Desktop/2024_DGU_AISW_CAMputhon_TEAM_GRUPGO/BACK)
2024-07-22T05:41:25.571+09:00  INFO 9935 --- [Rofla_BACK] [    Test worker] rofla.back.back.BackApplicationTests     : No active profile set, falling back to 1 default profile: "default"
2024-07-22T05:41:26.088+09:00  INFO 9935 --- [Rofla_BACK] [    Test worker] .s.d.r.c.RepositoryConfigurationDelegate : Bootstrapping Spring Data JPA repositories in DEFAULT mode.
2024-07-22T05:41:26.147+09:00  INFO 9935 --- [Rofla_BACK] [    Test worker] .s.d.r.c.RepositoryConfigurationDelegate : Finished Spring Data repository scanning in 53 ms. Found 8 JPA repository interfaces.
2024-07-22T05:41:26.481+09:00  INFO 9935 --- [Rofla_BACK] [    Test worker] com.zaxxer.hikari.HikariDataSource       : HikariPool-1 - Starting...
2024-07-22T05:41:28.034+09:00  INFO 9935 --- [Rofla_BACK] [    Test worker] com.zaxxer.hikari.pool.HikariPool        : HikariPool-1 - Added connection com.mysql.cj.jdbc.ConnectionImpl@51e8d066
2024-07-22T05:41:28.036+09:00  INFO 9935 --- [Rofla_BACK] [    Test worker] com.zaxxer.hikari.HikariDataSource       : HikariPool-1 - Start completed.
2024-07-22T05:41:28.079+09:00  INFO 9935 --- [Rofla_BACK] [    Test worker] o.hibernate.jpa.internal.util.LogHelper  : HHH000204: Processing PersistenceUnitInfo [name: default]
2024-07-22T05:41:28.121+09:00  INFO 9935 --- [Rofla_BACK] [    Test worker] org.hibernate.Version                    : HHH000412: Hibernate ORM core version 6.5.2.Final
2024-07-22T05:41:28.150+09:00  INFO 9935 --- [Rofla_BACK] [    Test worker] o.h.c.internal.RegionFactoryInitiator    : HHH000026: Second-level cache disabled
2024-07-22T05:41:28.389+09:00  INFO 9935 --- [Rofla_BACK] [    Test worker] o.s.o.j.p.SpringPersistenceUnitInfo      : No LoadTimeWeaver setup: ignoring JPA class transformer
2024-07-22T05:41:29.288+09:00  INFO 9935 --- [Rofla_BACK] [    Test worker] o.h.e.t.j.p.i.JtaPlatformInitiator       : HHH000489: No JTA platform available (set 'hibernate.transaction.jta.platform' to enable JTA platform integration)
2024-07-22T05:41:29.291+09:00  INFO 9935 --- [Rofla_BACK] [    Test worker] j.LocalContainerEntityManagerFactoryBean : Initialized JPA EntityManagerFactory for persistence unit 'default'
2024-07-22T05:41:29.739+09:00  WARN 9935 --- [Rofla_BACK] [    Test worker] JpaBaseConfiguration$JpaWebConfiguration : spring.jpa.open-in-view is enabled by default. Therefore, database queries may be performed during view rendering. Explicitly configure spring.jpa.open-in-view to disable this warning
2024-07-22T05:41:30.051+09:00  INFO 9935 --- [Rofla_BACK] [    Test worker] rofla.back.back.BackApplicationTests     : Started BackApplicationTests in 4.725 seconds (process running for 5.746)
]]></system-out>
  <system-err><![CDATA[WARNING: A Java agent has been loaded dynamically (/Users/kimseonpyo/Desktop/2024_OSS_PJ_TEAM2/2024-01-CSC4004-03-Summer/caches/modules-2/files-2.1/net.bytebuddy/byte-buddy-agent/1.14.18/417558ea01fe9f0e8a94af28b9469d281c4e3984/byte-buddy-agent-1.14.18.jar)
WARNING: If a serviceability tool is in use, please run with -XX:+EnableDynamicAgentLoading to hide this warning
WARNING: If a serviceability tool is not in use, please run with -Djdk.instrument.traceUsage for more information
WARNING: Dynamic loading of agents will be disallowed by default in a future release
]]></system-err>
</testsuite>
